<?xml version="1.0" encoding="UTF-8"?>
<!-- Generated by org.testng.reporters.JUnitXMLReporter -->
<testsuite ignored="0" hostname="Bikash" failures="1" tests="11" name="ToolsQa Test" time="20.019" errors="0" timestamp="03 Mar 2020 17:50:47 GMT">
  <testcase classname="Testcase_ToolsQA.testCase_001" name="launchUrl" time="2.845"/>
  <testcase classname="Testcase_ToolsQA.testCase_001" name="partialLinkTestIspresentValidation" time="1.196"/>
  <testcase classname="Testcase_ToolsQA.testCase_001" name="LinkTestIspresentValidation" time="0.459">
    <skipped/>
  </testcase> <!-- LinkTestIspresentValidation -->
  <testcase classname="Testcase_ToolsQA.testCase_001" name="LinkTestIspresentValidation" time="0.157">
    <skipped/>
  </testcase> <!-- LinkTestIspresentValidation -->
  <testcase classname="Testcase_ToolsQA.testCase_001" name="LinkTestIspresentValidation" time="0.484">
    <skipped/>
  </testcase> <!-- LinkTestIspresentValidation -->
  <testcase classname="Testcase_ToolsQA.testCase_001" name="LinkTestIspresentValidation" time="0.106">
    <failure type="java.lang.AssertionError" message="The following asserts failed:
	Link test is not present  expected [false] but found [true]">
      <![CDATA[java.lang.AssertionError: The following asserts failed:
Link test is not present  expected [false] but found [true]
at Testcase_ToolsQA.testCase_001.LinkTestIspresentValidation(testCase_001.java:39)
at java.base/java.util.concurrent.ThreadPoolExecutor.runWorker(ThreadPoolExecutor.java:1128)
at java.base/java.util.concurrent.ThreadPoolExecutor$Worker.run(ThreadPoolExecutor.java:628)
at java.base/java.lang.Thread.run(Thread.java:835)
... Removed 11 stack frames]]>
    </failure>
  </testcase> <!-- LinkTestIspresentValidation -->
  <testcase classname="Testcase_ToolsQA.testCase_001" name="userNameValidation" time="0.708"/>
  <testcase classname="Testcase_ToolsQA.testCase_001" name="continentDropDownValidation" time="0.4"/>
  <testcase classname="Testcase_ToolsQA.testCase_001" name="sexButtonValidation" time="0.169"/>
  <testcase classname="Testcase_ToolsQA.testCase_001" name="setCurrentDate" time="0.374"/>
  <testcase classname="Testcase_ToolsQA.testCase_001" name="multipleContinentValidation" time="0.548"/>
</testsuite> <!-- ToolsQa Test -->
