<!DOCTYPE html PUBLIC "-//W3C//DTD XHTML 1.1//EN" "http://www.w3.org/TR/xhtml11/DTD/xhtml11.dtd">
<html xmlns="http://www.w3.org/1999/xhtml">
<head>
<meta http-equiv="content-type" content="text/html; charset=UTF-8"/>
<title>TestNG Report</title>
<style type="text/css">table {margin-bottom:10px;border-collapse:collapse;empty-cells:show}th,td {border:1px solid #009;padding:.25em .5em}th {vertical-align:bottom}td {vertical-align:top}table a {font-weight:bold}.stripe td {background-color: #E6EBF9}.num {text-align:right}.passedodd td {background-color: #3F3}.passedeven td {background-color: #0A0}.skippedodd td {background-color: #DDD}.skippedeven td {background-color: #CCC}.failedodd td,.attn {background-color: #F33}.failedeven td,.stripe .attn {background-color: #D00}.stacktrace {white-space:pre;font-family:monospace}.totop {font-size:85%;text-align:center;border-bottom:2px solid #000}.invisible {display:none}</style>
</head>
<body>
<table>
<tr><th>Test</th><th># Passed</th><th># Skipped</th><th># Failed</th><th>Time (ms)</th><th>Included Groups</th><th>Excluded Groups</th></tr>
<tr><th colspan="7">Automation Demo</th></tr>
<tr><td><a href="#t0">ToolsQa Test</a></td><td class="num">7</td><td class="num attn">3</td><td class="num attn">1</td><td class="num">20,019</td><td></td><td></td></tr>
</table>
<table id='summary'><thead><tr><th>Class</th><th>Method</th><th>Start</th><th>Time (ms)</th></tr></thead><tbody><tr><th colspan="4">Automation Demo</th></tr></tbody><tbody id="t0"><tr><th colspan="4">ToolsQa Test &#8212; failed</th></tr><tr class="failedeven"><td rowspan="1">Testcase_ToolsQA.testCase_001</td><td><a href="#m0">LinkTestIspresentValidation</a></td><td rowspan="1">1583257843848</td><td rowspan="1">106</td></tr><tr><th colspan="4">ToolsQa Test &#8212; skipped</th></tr><tr class="skippedeven"><td rowspan="3">Testcase_ToolsQA.testCase_001</td><td><a href="#m1">LinkTestIspresentValidation</a></td><td rowspan="3">1583257843362</td><td rowspan="3">484</td></tr><tr class="skippedeven"><td><a href="#m2">LinkTestIspresentValidation</a></td></tr><tr class="skippedeven"><td><a href="#m3">LinkTestIspresentValidation</a></td></tr><tr><th colspan="4">ToolsQa Test &#8212; passed</th></tr><tr class="passedeven"><td rowspan="7">Testcase_ToolsQA.testCase_001</td><td><a href="#m4">continentDropDownValidation</a></td><td rowspan="1">1583257845453</td><td rowspan="1">400</td></tr><tr class="passedeven"><td><a href="#m5">launchUrl</a></td><td rowspan="1">1583257838675</td><td rowspan="1">2845</td></tr><tr class="passedeven"><td><a href="#m6">multipleContinentValidation</a></td><td rowspan="1">1583257846412</td><td rowspan="1">548</td></tr><tr class="passedeven"><td><a href="#m7">partialLinkTestIspresentValidation</a></td><td rowspan="1">1583257841540</td><td rowspan="1">1196</td></tr><tr class="passedeven"><td><a href="#m8">setCurrentDate</a></td><td rowspan="1">1583257846033</td><td rowspan="1">374</td></tr><tr class="passedeven"><td><a href="#m9">sexButtonValidation</a></td><td rowspan="1">1583257845856</td><td rowspan="1">169</td></tr><tr class="passedeven"><td><a href="#m10">userNameValidation</a></td><td rowspan="1">1583257844742</td><td rowspan="1">708</td></tr></tbody>
</table>
<h2>ToolsQa Test</h2><h3 id="m0">Testcase_ToolsQA.testCase_001#LinkTestIspresentValidation</h3><table class="result"><tr><th>Exception</th></tr><tr><td><div class="stacktrace">java.lang.AssertionError: The following asserts failed:
	Link test is not present  expected [false] but found [true]
	at Testcase_ToolsQA.testCase_001.LinkTestIspresentValidation(testCase_001.java:39)
	at java.base/java.util.concurrent.ThreadPoolExecutor.runWorker(ThreadPoolExecutor.java:1128)
	at java.base/java.util.concurrent.ThreadPoolExecutor$Worker.run(ThreadPoolExecutor.java:628)
	at java.base/java.lang.Thread.run(Thread.java:835)
... Removed 11 stack frames</div></td></tr></table><p class="totop"><a href="#summary">back to summary</a></p>
<h3 id="m1">Testcase_ToolsQA.testCase_001#LinkTestIspresentValidation</h3><table class="result"><tr><th>Exception</th></tr><tr><td><div class="stacktrace">java.lang.AssertionError: The following asserts failed:
	Link test is not present  expected [false] but found [true]
	at Testcase_ToolsQA.testCase_001.LinkTestIspresentValidation(testCase_001.java:39)
	at java.base/java.util.concurrent.ThreadPoolExecutor.runWorker(ThreadPoolExecutor.java:1128)
	at java.base/java.util.concurrent.ThreadPoolExecutor$Worker.run(ThreadPoolExecutor.java:628)
	at java.base/java.lang.Thread.run(Thread.java:835)
... Removed 11 stack frames</div></td></tr></table><p class="totop"><a href="#summary">back to summary</a></p>
<h3 id="m2">Testcase_ToolsQA.testCase_001#LinkTestIspresentValidation</h3><table class="result"><tr><th>Exception</th></tr><tr><td><div class="stacktrace">java.lang.AssertionError: The following asserts failed:
	Link test is not present  expected [false] but found [true]
	at Testcase_ToolsQA.testCase_001.LinkTestIspresentValidation(testCase_001.java:39)
	at java.base/java.util.concurrent.ThreadPoolExecutor.runWorker(ThreadPoolExecutor.java:1128)
	at java.base/java.util.concurrent.ThreadPoolExecutor$Worker.run(ThreadPoolExecutor.java:628)
	at java.base/java.lang.Thread.run(Thread.java:835)
... Removed 11 stack frames</div></td></tr></table><p class="totop"><a href="#summary">back to summary</a></p>
<h3 id="m3">Testcase_ToolsQA.testCase_001#LinkTestIspresentValidation</h3><table class="result"><tr><th>Exception</th></tr><tr><td><div class="stacktrace">java.lang.AssertionError: The following asserts failed:
	Link test is not present  expected [false] but found [true]
	at Testcase_ToolsQA.testCase_001.LinkTestIspresentValidation(testCase_001.java:39)
	at java.base/java.util.concurrent.ThreadPoolExecutor.runWorker(ThreadPoolExecutor.java:1128)
	at java.base/java.util.concurrent.ThreadPoolExecutor$Worker.run(ThreadPoolExecutor.java:628)
	at java.base/java.lang.Thread.run(Thread.java:835)
... Removed 11 stack frames</div></td></tr></table><p class="totop"><a href="#summary">back to summary</a></p>
<h3 id="m4">Testcase_ToolsQA.testCase_001#continentDropDownValidation</h3><table class="result"><tr><th class="invisible"/></tr></table><p class="totop"><a href="#summary">back to summary</a></p>
<h3 id="m5">Testcase_ToolsQA.testCase_001#launchUrl</h3><table class="result"><tr><th class="invisible"/></tr></table><p class="totop"><a href="#summary">back to summary</a></p>
<h3 id="m6">Testcase_ToolsQA.testCase_001#multipleContinentValidation</h3><table class="result"><tr><th class="invisible"/></tr></table><p class="totop"><a href="#summary">back to summary</a></p>
<h3 id="m7">Testcase_ToolsQA.testCase_001#partialLinkTestIspresentValidation</h3><table class="result"><tr><th class="invisible"/></tr></table><p class="totop"><a href="#summary">back to summary</a></p>
<h3 id="m8">Testcase_ToolsQA.testCase_001#setCurrentDate</h3><table class="result"><tr><th class="invisible"/></tr></table><p class="totop"><a href="#summary">back to summary</a></p>
<h3 id="m9">Testcase_ToolsQA.testCase_001#sexButtonValidation</h3><table class="result"><tr><th class="invisible"/></tr></table><p class="totop"><a href="#summary">back to summary</a></p>
<h3 id="m10">Testcase_ToolsQA.testCase_001#userNameValidation</h3><table class="result"><tr><th class="invisible"/></tr></table><p class="totop"><a href="#summary">back to summary</a></p>
</body>
</html>
