<?xml version="1.0" encoding="UTF-8"?>
<!-- Generated by org.testng.reporters.JUnitReportReporter -->
<testsuite hostname="Bikash" failures="1" tests="11" name="Testcase_ToolsQA.testCase_001" time="7.446" errors="0" timestamp="03 Mar 2020 17:50:48 GMT" skipped="3">
  <testcase classname="Testcase_ToolsQA.testCase_001" name="launchUrl" time="2.845"/>
  <testcase classname="Testcase_ToolsQA.testCase_001" name="partialLinkTestIspresentValidation" time="1.196"/>
  <testcase classname="Testcase_ToolsQA.testCase_001" name="LinkTestIspresentValidation" time="0.484">
    <skipped/>
  </testcase> <!-- LinkTestIspresentValidation -->
  <testcase classname="Testcase_ToolsQA.testCase_001" name="LinkTestIspresentValidation" time="0.459">
    <skipped/>
  </testcase> <!-- LinkTestIspresentValidation -->
  <testcase classname="Testcase_ToolsQA.testCase_001" name="LinkTestIspresentValidation" time="0.157">
    <skipped/>
  </testcase> <!-- LinkTestIspresentValidation -->
  <testcase classname="Testcase_ToolsQA.testCase_001" name="LinkTestIspresentValidation" time="0.106">
    <failure message="The following asserts failed:
	Link test is not present  expected [false] but found [true]" type="java.lang.AssertionError">
      <![CDATA[java.lang.AssertionError: The following asserts failed:
Link test is not present  expected [false] but found [true]
at org.testng.asserts.SoftAssert.assertAll(SoftAssert.java:43)
at Testcase_ToolsQA.testCase_001.LinkTestIspresentValidation(testCase_001.java:39)
at java.base/jdk.internal.reflect.NativeMethodAccessorImpl.invoke0(Native Method)
at java.base/jdk.internal.reflect.NativeMethodAccessorImpl.invoke(NativeMethodAccessorImpl.java:62)
at java.base/jdk.internal.reflect.DelegatingMethodAccessorImpl.invoke(DelegatingMethodAccessorImpl.java:43)
at java.base/java.lang.reflect.Method.invoke(Method.java:567)
at org.testng.internal.MethodInvocationHelper.invokeMethod(MethodInvocationHelper.java:124)
at org.testng.internal.Invoker.invokeMethod(Invoker.java:583)
at org.testng.internal.Invoker.retryFailed(Invoker.java:839)
at org.testng.internal.Invoker.invokeTestMethods(Invoker.java:1010)
at org.testng.internal.TestMethodWorker.invokeTestMethods(TestMethodWorker.java:125)
at org.testng.internal.TestMethodWorker.run(TestMethodWorker.java:109)
at java.base/java.util.concurrent.ThreadPoolExecutor.runWorker(ThreadPoolExecutor.java:1128)
at java.base/java.util.concurrent.ThreadPoolExecutor$Worker.run(ThreadPoolExecutor.java:628)
at java.base/java.lang.Thread.run(Thread.java:835)
]]>
    </failure>
  </testcase> <!-- LinkTestIspresentValidation -->
  <testcase classname="Testcase_ToolsQA.testCase_001" name="userNameValidation" time="0.708"/>
  <testcase classname="Testcase_ToolsQA.testCase_001" name="continentDropDownValidation" time="0.400"/>
  <testcase classname="Testcase_ToolsQA.testCase_001" name="sexButtonValidation" time="0.169"/>
  <testcase classname="Testcase_ToolsQA.testCase_001" name="setCurrentDate" time="0.374"/>
  <testcase classname="Testcase_ToolsQA.testCase_001" name="multipleContinentValidation" time="0.548"/>
</testsuite> <!-- Testcase_ToolsQA.testCase_001 -->
